0 info it worked if it ends with ok
1 verbose cli [ '/home/chris/.nvm/versions/node/v7.0.0/bin/node',
1 verbose cli   '/home/chris/.nvm/versions/node/v7.0.0/bin/npm',
1 verbose cli   'install',
1 verbose cli   'node-grovepi' ]
2 info using npm@3.10.8
3 info using node@v7.0.0
4 silly loadCurrentTree Starting
5 silly install loadCurrentTree
6 silly install readLocalPackageData
7 silly fetchPackageMetaData node-grovepi
8 silly fetchNamedPackageData node-grovepi
9 silly mapToRegistry name node-grovepi
10 silly mapToRegistry using default registry
11 silly mapToRegistry registry https://registry.npmjs.org/
12 silly mapToRegistry data Result {
12 silly mapToRegistry   raw: 'node-grovepi',
12 silly mapToRegistry   scope: null,
12 silly mapToRegistry   escapedName: 'node-grovepi',
12 silly mapToRegistry   name: 'node-grovepi',
12 silly mapToRegistry   rawSpec: '',
12 silly mapToRegistry   spec: 'latest',
12 silly mapToRegistry   type: 'tag' }
13 silly mapToRegistry uri https://registry.npmjs.org/node-grovepi
14 verbose request uri https://registry.npmjs.org/node-grovepi
15 verbose request no auth needed
16 info attempt registry request try #1 at 4:19:56 PM
17 verbose request id 0cabdaa10958ffb9
18 http request GET https://registry.npmjs.org/node-grovepi
19 http 200 https://registry.npmjs.org/node-grovepi
20 verbose headers { date: 'Wed, 29 Dec 2021 15:19:57 GMT',
20 verbose headers   'content-type': 'application/json; charset=UTF-8',
20 verbose headers   'transfer-encoding': 'chunked',
20 verbose headers   connection: 'keep-alive',
20 verbose headers   'cf-ray': '6c5402711db01661-WAW',
20 verbose headers   'cache-control': 'public, max-age=300',
20 verbose headers   etag: 'W/"6c27bdc890025dce2c3b37b58ddc24d9"',
20 verbose headers   'last-modified': 'Sun, 27 May 2018 10:00:57 GMT',
20 verbose headers   vary: 'accept-encoding, accept',
20 verbose headers   'cf-cache-status': 'MISS',
20 verbose headers   'expect-ct': 'max-age=604800, report-uri="https://report-uri.cloudflare.com/cdn-cgi/beacon/expect-ct"',
20 verbose headers   server: 'cloudflare',
20 verbose headers   'content-encoding': 'gzip' }
21 silly get cb [ 200,
21 silly get   { date: 'Wed, 29 Dec 2021 15:19:57 GMT',
21 silly get     'content-type': 'application/json; charset=UTF-8',
21 silly get     'transfer-encoding': 'chunked',
21 silly get     connection: 'keep-alive',
21 silly get     'cf-ray': '6c5402711db01661-WAW',
21 silly get     'cache-control': 'public, max-age=300',
21 silly get     etag: 'W/"6c27bdc890025dce2c3b37b58ddc24d9"',
21 silly get     'last-modified': 'Sun, 27 May 2018 10:00:57 GMT',
21 silly get     vary: 'accept-encoding, accept',
21 silly get     'cf-cache-status': 'MISS',
21 silly get     'expect-ct': 'max-age=604800, report-uri="https://report-uri.cloudflare.com/cdn-cgi/beacon/expect-ct"',
21 silly get     server: 'cloudflare',
21 silly get     'content-encoding': 'gzip' } ]
22 verbose get saving node-grovepi to /home/chris/.npm/registry.npmjs.org/node-grovepi/.cache.json
23 verbose correctMkdir /home/chris/.npm correctMkdir not in flight; initializing
24 silly install normalizeTree
25 silly loadCurrentTree Finishing
26 silly loadIdealTree Starting
27 silly install loadIdealTree
28 silly cloneCurrentTree Starting
29 silly install cloneCurrentTreeToIdealTree
30 silly cloneCurrentTree Finishing
31 silly loadShrinkwrap Starting
32 silly install loadShrinkwrap
33 silly loadShrinkwrap Finishing
34 silly loadAllDepsIntoIdealTree Starting
35 silly install loadAllDepsIntoIdealTree
36 silly resolveWithNewModule node-grovepi@2.2.2 checking installable status
37 silly cache add args [ 'node-grovepi', null ]
38 verbose cache add spec node-grovepi
39 silly cache add parsed spec Result {
39 silly cache add   raw: 'node-grovepi',
39 silly cache add   scope: null,
39 silly cache add   escapedName: 'node-grovepi',
39 silly cache add   name: 'node-grovepi',
39 silly cache add   rawSpec: '',
39 silly cache add   spec: 'latest',
39 silly cache add   type: 'tag' }
40 silly addNamed node-grovepi@latest
41 verbose addNamed "latest" is being treated as a dist-tag for node-grovepi
42 info addNameTag [ 'node-grovepi', 'latest' ]
43 silly mapToRegistry name node-grovepi
44 silly mapToRegistry using default registry
45 silly mapToRegistry registry https://registry.npmjs.org/
46 silly mapToRegistry data Result {
46 silly mapToRegistry   raw: 'node-grovepi',
46 silly mapToRegistry   scope: null,
46 silly mapToRegistry   escapedName: 'node-grovepi',
46 silly mapToRegistry   name: 'node-grovepi',
46 silly mapToRegistry   rawSpec: '',
46 silly mapToRegistry   spec: 'latest',
46 silly mapToRegistry   type: 'tag' }
47 silly mapToRegistry uri https://registry.npmjs.org/node-grovepi
48 verbose addNameTag registry:https://registry.npmjs.org/node-grovepi not in flight; fetching
49 verbose get https://registry.npmjs.org/node-grovepi not expired, no request
50 silly addNameTag next cb for node-grovepi with tag latest
51 silly addNamed node-grovepi@2.2.2
52 verbose addNamed "2.2.2" is a plain semver version for node-grovepi
53 silly mapToRegistry name node-grovepi
54 silly mapToRegistry using default registry
55 silly mapToRegistry registry https://registry.npmjs.org/
56 silly mapToRegistry data Result {
56 silly mapToRegistry   raw: 'node-grovepi',
56 silly mapToRegistry   scope: null,
56 silly mapToRegistry   escapedName: 'node-grovepi',
56 silly mapToRegistry   name: 'node-grovepi',
56 silly mapToRegistry   rawSpec: '',
56 silly mapToRegistry   spec: 'latest',
56 silly mapToRegistry   type: 'tag' }
57 silly mapToRegistry uri https://registry.npmjs.org/node-grovepi
58 verbose addRemoteTarball https://registry.npmjs.org/node-grovepi/-/node-grovepi-2.2.2.tgz not in flight; adding
59 verbose addRemoteTarball [ 'https://registry.npmjs.org/node-grovepi/-/node-grovepi-2.2.2.tgz',
59 verbose addRemoteTarball   'ef0e09e85f06cf42006bd762dcf48ea9a80ce499' ]
60 info retry fetch attempt 1 at 4:19:57 PM
61 info attempt registry request try #1 at 4:19:57 PM
62 http fetch GET https://registry.npmjs.org/node-grovepi/-/node-grovepi-2.2.2.tgz
63 http fetch 200 https://registry.npmjs.org/node-grovepi/-/node-grovepi-2.2.2.tgz
64 silly fetchAndShaCheck shasum ef0e09e85f06cf42006bd762dcf48ea9a80ce499
65 verbose addTmpTarball /tmp/npm-29882-7d3b8289/registry.npmjs.org/node-grovepi/-/node-grovepi-2.2.2.tgz not in flight; adding
66 verbose addTmpTarball already have metadata; skipping unpack for node-grovepi@2.2.2
67 verbose correctMkdir /home/chris/.npm correctMkdir not in flight; initializing
68 silly cache afterAdd node-grovepi@2.2.2
69 verbose afterAdd /home/chris/.npm/node-grovepi/2.2.2/package/package.json not in flight; writing
70 verbose correctMkdir /home/chris/.npm correctMkdir not in flight; initializing
71 verbose afterAdd /home/chris/.npm/node-grovepi/2.2.2/package/package.json written
72 silly fetchNamedPackageData buffertools
73 silly mapToRegistry name buffertools
74 silly mapToRegistry using default registry
75 silly mapToRegistry registry https://registry.npmjs.org/
76 silly mapToRegistry data Result {
76 silly mapToRegistry   raw: 'buffertools',
76 silly mapToRegistry   scope: null,
76 silly mapToRegistry   escapedName: 'buffertools',
76 silly mapToRegistry   name: 'buffertools',
76 silly mapToRegistry   rawSpec: '',
76 silly mapToRegistry   spec: 'latest',
76 silly mapToRegistry   type: 'tag' }
77 silly mapToRegistry uri https://registry.npmjs.org/buffertools
78 silly fetchNamedPackageData i2c-bus
79 silly mapToRegistry name i2c-bus
80 silly mapToRegistry using default registry
81 silly mapToRegistry registry https://registry.npmjs.org/
82 silly mapToRegistry data Result {
82 silly mapToRegistry   raw: 'i2c-bus',
82 silly mapToRegistry   scope: null,
82 silly mapToRegistry   escapedName: 'i2c-bus',
82 silly mapToRegistry   name: 'i2c-bus',
82 silly mapToRegistry   rawSpec: '',
82 silly mapToRegistry   spec: 'latest',
82 silly mapToRegistry   type: 'tag' }
83 silly mapToRegistry uri https://registry.npmjs.org/i2c-bus
84 silly fetchNamedPackageData sleep
85 silly mapToRegistry name sleep
86 silly mapToRegistry using default registry
87 silly mapToRegistry registry https://registry.npmjs.org/
88 silly mapToRegistry data Result {
88 silly mapToRegistry   raw: 'sleep',
88 silly mapToRegistry   scope: null,
88 silly mapToRegistry   escapedName: 'sleep',
88 silly mapToRegistry   name: 'sleep',
88 silly mapToRegistry   rawSpec: '',
88 silly mapToRegistry   spec: 'latest',
88 silly mapToRegistry   type: 'tag' }
89 silly mapToRegistry uri https://registry.npmjs.org/sleep
90 verbose request uri https://registry.npmjs.org/buffertools
91 verbose request no auth needed
92 info attempt registry request try #1 at 4:19:57 PM
93 http request GET https://registry.npmjs.org/buffertools
94 verbose request uri https://registry.npmjs.org/i2c-bus
95 verbose request no auth needed
96 info attempt registry request try #1 at 4:19:57 PM
97 http request GET https://registry.npmjs.org/i2c-bus
98 verbose request uri https://registry.npmjs.org/sleep
99 verbose request no auth needed
100 info attempt registry request try #1 at 4:19:57 PM
101 http request GET https://registry.npmjs.org/sleep
102 http 200 https://registry.npmjs.org/sleep
103 verbose headers { date: 'Wed, 29 Dec 2021 15:19:58 GMT',
103 verbose headers   'content-type': 'application/json',
103 verbose headers   'transfer-encoding': 'chunked',
103 verbose headers   connection: 'keep-alive',
103 verbose headers   'cf-ray': '6c5402796a17f288-WAW',
103 verbose headers   'cache-control': 'public, max-age=300',
103 verbose headers   etag: 'W/"76b287b20c1154c2f8a889fd0538c122"',
103 verbose headers   'last-modified': 'Wed, 10 Nov 2021 21:19:10 GMT',
103 verbose headers   vary: 'accept-encoding, accept',
103 verbose headers   'cf-cache-status': 'REVALIDATED',
103 verbose headers   'expect-ct': 'max-age=604800, report-uri="https://report-uri.cloudflare.com/cdn-cgi/beacon/expect-ct"',
103 verbose headers   'x-amz-replication-status': 'COMPLETED',
103 verbose headers   server: 'cloudflare',
103 verbose headers   'content-encoding': 'gzip' }
104 silly get cb [ 200,
104 silly get   { date: 'Wed, 29 Dec 2021 15:19:58 GMT',
104 silly get     'content-type': 'application/json',
104 silly get     'transfer-encoding': 'chunked',
104 silly get     connection: 'keep-alive',
104 silly get     'cf-ray': '6c5402796a17f288-WAW',
104 silly get     'cache-control': 'public, max-age=300',
104 silly get     etag: 'W/"76b287b20c1154c2f8a889fd0538c122"',
104 silly get     'last-modified': 'Wed, 10 Nov 2021 21:19:10 GMT',
104 silly get     vary: 'accept-encoding, accept',
104 silly get     'cf-cache-status': 'REVALIDATED',
104 silly get     'expect-ct': 'max-age=604800, report-uri="https://report-uri.cloudflare.com/cdn-cgi/beacon/expect-ct"',
104 silly get     'x-amz-replication-status': 'COMPLETED',
104 silly get     server: 'cloudflare',
104 silly get     'content-encoding': 'gzip' } ]
105 verbose get saving sleep to /home/chris/.npm/registry.npmjs.org/sleep/.cache.json
106 verbose correctMkdir /home/chris/.npm correctMkdir not in flight; initializing
107 silly resolveWithNewModule sleep@3.0.1 checking installable status
108 silly cache add args [ 'sleep@3.*', null ]
109 verbose cache add spec sleep@3.*
110 silly cache add parsed spec Result {
110 silly cache add   raw: 'sleep@3.*',
110 silly cache add   scope: null,
110 silly cache add   escapedName: 'sleep',
110 silly cache add   name: 'sleep',
110 silly cache add   rawSpec: '3.*',
110 silly cache add   spec: '>=3.0.0 <4.0.0',
110 silly cache add   type: 'range' }
111 silly addNamed sleep@>=3.0.0 <4.0.0
112 verbose addNamed ">=3.0.0 <4.0.0" is a valid semver range for sleep
113 silly addNameRange { name: 'sleep', range: '>=3.0.0 <4.0.0', hasData: false }
114 silly mapToRegistry name sleep
115 silly mapToRegistry using default registry
116 silly mapToRegistry registry https://registry.npmjs.org/
117 silly mapToRegistry data Result {
117 silly mapToRegistry   raw: 'sleep',
117 silly mapToRegistry   scope: null,
117 silly mapToRegistry   escapedName: 'sleep',
117 silly mapToRegistry   name: 'sleep',
117 silly mapToRegistry   rawSpec: '',
117 silly mapToRegistry   spec: 'latest',
117 silly mapToRegistry   type: 'tag' }
118 silly mapToRegistry uri https://registry.npmjs.org/sleep
119 verbose addNameRange registry:https://registry.npmjs.org/sleep not in flight; fetching
120 verbose get https://registry.npmjs.org/sleep not expired, no request
121 silly addNameRange number 2 { name: 'sleep', range: '>=3.0.0 <4.0.0', hasData: true }
122 silly addNameRange versions [ 'sleep',
122 silly addNameRange   [ '1.0.0',
122 silly addNameRange     '1.0.1',
122 silly addNameRange     '1.0.2',
122 silly addNameRange     '1.1.0',
122 silly addNameRange     '1.1.1',
122 silly addNameRange     '1.1.2',
122 silly addNameRange     '1.1.3',
122 silly addNameRange     '1.1.4',
122 silly addNameRange     '1.1.5',
122 silly addNameRange     '1.1.6',
122 silly addNameRange     '1.1.7',
122 silly addNameRange     '1.1.8',
122 silly addNameRange     '1.2.0',
122 silly addNameRange     '2.0.0',
122 silly addNameRange     '3.0.0',
122 silly addNameRange     '3.0.1',
122 silly addNameRange     '4.0.0',
122 silly addNameRange     '5.0.0',
122 silly addNameRange     '5.1.0',
122 silly addNameRange     '5.1.1',
122 silly addNameRange     '5.2.2',
122 silly addNameRange     '5.2.3',
122 silly addNameRange     '5.2.4',
122 silly addNameRange     '6.0.0',
122 silly addNameRange     '6.1.0',
122 silly addNameRange     '6.2.0',
122 silly addNameRange     '6.3.0' ] ]
123 silly addNamed sleep@3.0.1
124 verbose addNamed "3.0.1" is a plain semver version for sleep
125 silly mapToRegistry name sleep
126 silly mapToRegistry using default registry
127 silly mapToRegistry registry https://registry.npmjs.org/
128 silly mapToRegistry data Result {
128 silly mapToRegistry   raw: 'sleep',
128 silly mapToRegistry   scope: null,
128 silly mapToRegistry   escapedName: 'sleep',
128 silly mapToRegistry   name: 'sleep',
128 silly mapToRegistry   rawSpec: '',
128 silly mapToRegistry   spec: 'latest',
128 silly mapToRegistry   type: 'tag' }
129 silly mapToRegistry uri https://registry.npmjs.org/sleep
130 verbose addRemoteTarball https://registry.npmjs.org/sleep/-/sleep-3.0.1.tgz not in flight; adding
131 verbose addRemoteTarball [ 'https://registry.npmjs.org/sleep/-/sleep-3.0.1.tgz',
131 verbose addRemoteTarball   'be4d17c579360e07e04ed8172ba2b10a69054df3' ]
132 info retry fetch attempt 1 at 4:19:58 PM
133 info attempt registry request try #1 at 4:19:58 PM
134 http fetch GET https://registry.npmjs.org/sleep/-/sleep-3.0.1.tgz
135 http fetch 200 https://registry.npmjs.org/sleep/-/sleep-3.0.1.tgz
136 silly fetchAndShaCheck shasum be4d17c579360e07e04ed8172ba2b10a69054df3
137 verbose addTmpTarball /tmp/npm-29882-7d3b8289/registry.npmjs.org/sleep/-/sleep-3.0.1.tgz not in flight; adding
138 verbose addTmpTarball already have metadata; skipping unpack for sleep@3.0.1
139 verbose correctMkdir /home/chris/.npm correctMkdir not in flight; initializing
140 silly cache afterAdd sleep@3.0.1
141 verbose afterAdd /home/chris/.npm/sleep/3.0.1/package/package.json not in flight; writing
142 verbose correctMkdir /home/chris/.npm correctMkdir not in flight; initializing
143 http 200 https://registry.npmjs.org/i2c-bus
144 verbose headers { date: 'Wed, 29 Dec 2021 15:19:58 GMT',
144 verbose headers   'content-type': 'application/json',
144 verbose headers   'transfer-encoding': 'chunked',
144 verbose headers   connection: 'keep-alive',
144 verbose headers   'cf-ray': '6c54027959271661-WAW',
144 verbose headers   'cache-control': 'public, max-age=300',
144 verbose headers   etag: 'W/"c0a3da1ece1cfd410ce69bb6518c62fa"',
144 verbose headers   'last-modified': 'Thu, 29 Apr 2021 13:30:58 GMT',
144 verbose headers   vary: 'accept-encoding, accept',
144 verbose headers   'cf-cache-status': 'REVALIDATED',
144 verbose headers   'expect-ct': 'max-age=604800, report-uri="https://report-uri.cloudflare.com/cdn-cgi/beacon/expect-ct"',
144 verbose headers   server: 'cloudflare',
144 verbose headers   'content-encoding': 'gzip' }
145 silly get cb [ 200,
145 silly get   { date: 'Wed, 29 Dec 2021 15:19:58 GMT',
145 silly get     'content-type': 'application/json',
145 silly get     'transfer-encoding': 'chunked',
145 silly get     connection: 'keep-alive',
145 silly get     'cf-ray': '6c54027959271661-WAW',
145 silly get     'cache-control': 'public, max-age=300',
145 silly get     etag: 'W/"c0a3da1ece1cfd410ce69bb6518c62fa"',
145 silly get     'last-modified': 'Thu, 29 Apr 2021 13:30:58 GMT',
145 silly get     vary: 'accept-encoding, accept',
145 silly get     'cf-cache-status': 'REVALIDATED',
145 silly get     'expect-ct': 'max-age=604800, report-uri="https://report-uri.cloudflare.com/cdn-cgi/beacon/expect-ct"',
145 silly get     server: 'cloudflare',
145 silly get     'content-encoding': 'gzip' } ]
146 verbose get saving i2c-bus to /home/chris/.npm/registry.npmjs.org/i2c-bus/.cache.json
147 verbose correctMkdir /home/chris/.npm correctMkdir not in flight; initializing
148 verbose afterAdd /home/chris/.npm/sleep/3.0.1/package/package.json written
149 silly resolveWithNewModule i2c-bus@1.2.5 checking installable status
150 silly cache add args [ 'i2c-bus@1.*', null ]
151 verbose cache add spec i2c-bus@1.*
152 silly cache add parsed spec Result {
152 silly cache add   raw: 'i2c-bus@1.*',
152 silly cache add   scope: null,
152 silly cache add   escapedName: 'i2c-bus',
152 silly cache add   name: 'i2c-bus',
152 silly cache add   rawSpec: '1.*',
152 silly cache add   spec: '>=1.0.0 <2.0.0',
152 silly cache add   type: 'range' }
153 silly addNamed i2c-bus@>=1.0.0 <2.0.0
154 verbose addNamed ">=1.0.0 <2.0.0" is a valid semver range for i2c-bus
155 silly addNameRange { name: 'i2c-bus', range: '>=1.0.0 <2.0.0', hasData: false }
156 silly mapToRegistry name i2c-bus
157 silly mapToRegistry using default registry
158 silly mapToRegistry registry https://registry.npmjs.org/
159 silly mapToRegistry data Result {
159 silly mapToRegistry   raw: 'i2c-bus',
159 silly mapToRegistry   scope: null,
159 silly mapToRegistry   escapedName: 'i2c-bus',
159 silly mapToRegistry   name: 'i2c-bus',
159 silly mapToRegistry   rawSpec: '',
159 silly mapToRegistry   spec: 'latest',
159 silly mapToRegistry   type: 'tag' }
160 silly mapToRegistry uri https://registry.npmjs.org/i2c-bus
161 verbose addNameRange registry:https://registry.npmjs.org/i2c-bus not in flight; fetching
162 http 200 https://registry.npmjs.org/buffertools
163 verbose headers { date: 'Wed, 29 Dec 2021 15:19:58 GMT',
163 verbose headers   'content-type': 'application/json; charset=UTF-8',
163 verbose headers   'transfer-encoding': 'chunked',
163 verbose headers   connection: 'keep-alive',
163 verbose headers   'cf-ray': '6c540278f8471661-WAW',
163 verbose headers   'cache-control': 'public, max-age=300',
163 verbose headers   etag: 'W/"d41605628853bc788794bc7f4430dfe9"',
163 verbose headers   'last-modified': 'Sat, 26 May 2018 19:07:40 GMT',
163 verbose headers   vary: 'accept-encoding, accept',
163 verbose headers   'cf-cache-status': 'MISS',
163 verbose headers   'expect-ct': 'max-age=604800, report-uri="https://report-uri.cloudflare.com/cdn-cgi/beacon/expect-ct"',
163 verbose headers   server: 'cloudflare',
163 verbose headers   'content-encoding': 'gzip' }
164 silly get cb [ 200,
164 silly get   { date: 'Wed, 29 Dec 2021 15:19:58 GMT',
164 silly get     'content-type': 'application/json; charset=UTF-8',
164 silly get     'transfer-encoding': 'chunked',
164 silly get     connection: 'keep-alive',
164 silly get     'cf-ray': '6c540278f8471661-WAW',
164 silly get     'cache-control': 'public, max-age=300',
164 silly get     etag: 'W/"d41605628853bc788794bc7f4430dfe9"',
164 silly get     'last-modified': 'Sat, 26 May 2018 19:07:40 GMT',
164 silly get     vary: 'accept-encoding, accept',
164 silly get     'cf-cache-status': 'MISS',
164 silly get     'expect-ct': 'max-age=604800, report-uri="https://report-uri.cloudflare.com/cdn-cgi/beacon/expect-ct"',
164 silly get     server: 'cloudflare',
164 silly get     'content-encoding': 'gzip' } ]
165 verbose get saving buffertools to /home/chris/.npm/registry.npmjs.org/buffertools/.cache.json
166 verbose correctMkdir /home/chris/.npm correctMkdir not in flight; initializing
167 verbose get https://registry.npmjs.org/i2c-bus not expired, no request
168 silly addNameRange number 2 { name: 'i2c-bus', range: '>=1.0.0 <2.0.0', hasData: true }
169 silly addNameRange versions [ 'i2c-bus',
169 silly addNameRange   [ '0.1.0',
169 silly addNameRange     '0.2.0',
169 silly addNameRange     '0.3.0',
169 silly addNameRange     '0.4.0',
169 silly addNameRange     '0.5.0',
169 silly addNameRange     '0.6.0',
169 silly addNameRange     '0.7.0',
169 silly addNameRange     '0.8.0',
169 silly addNameRange     '0.9.0',
169 silly addNameRange     '0.10.0',
169 silly addNameRange     '0.11.0',
169 silly addNameRange     '0.11.1',
169 silly addNameRange     '0.11.2',
169 silly addNameRange     '0.11.3',
169 silly addNameRange     '0.12.0',
169 silly addNameRange     '1.0.0',
169 silly addNameRange     '1.0.1',
169 silly addNameRange     '1.0.2',
169 silly addNameRange     '1.0.3',
169 silly addNameRange     '1.1.0',
169 silly addNameRange     '1.1.1',
169 silly addNameRange     '1.1.2',
169 silly addNameRange     '1.2.0',
169 silly addNameRange     '1.2.1',
169 silly addNameRange     '1.2.2',
169 silly addNameRange     '1.2.3',
169 silly addNameRange     '1.2.4',
169 silly addNameRange     '1.2.5',
169 silly addNameRange     '2.0.0',
169 silly addNameRange     '3.0.0',
169 silly addNameRange     '3.1.0',
169 silly addNameRange     '3.2.0',
169 silly addNameRange     '4.0.0',
169 silly addNameRange     '4.0.1',
169 silly addNameRange     '4.0.2',
169 silly addNameRange     '4.0.3',
169 silly addNameRange     '4.0.4',
169 silly addNameRange     '4.0.5',
169 silly addNameRange     '4.0.6',
169 silly addNameRange     '4.0.7',
169 silly addNameRange     '4.0.8',
169 silly addNameRange     '4.0.9',
169 silly addNameRange     '4.0.10',
169 silly addNameRange     '4.0.11',
169 silly addNameRange     '5.0.0',
169 silly addNameRange     '5.1.0',
169 silly addNameRange     '5.2.0',
169 silly addNameRange     '5.2.1',
169 silly addNameRange     '5.2.2' ] ]
170 silly addNamed i2c-bus@1.2.5
171 verbose addNamed "1.2.5" is a plain semver version for i2c-bus
172 silly mapToRegistry name i2c-bus
173 silly mapToRegistry using default registry
174 silly mapToRegistry registry https://registry.npmjs.org/
175 silly mapToRegistry data Result {
175 silly mapToRegistry   raw: 'i2c-bus',
175 silly mapToRegistry   scope: null,
175 silly mapToRegistry   escapedName: 'i2c-bus',
175 silly mapToRegistry   name: 'i2c-bus',
175 silly mapToRegistry   rawSpec: '',
175 silly mapToRegistry   spec: 'latest',
175 silly mapToRegistry   type: 'tag' }
176 silly mapToRegistry uri https://registry.npmjs.org/i2c-bus
177 verbose addRemoteTarball https://registry.npmjs.org/i2c-bus/-/i2c-bus-1.2.5.tgz not in flight; adding
178 verbose addRemoteTarball [ 'https://registry.npmjs.org/i2c-bus/-/i2c-bus-1.2.5.tgz',
178 verbose addRemoteTarball   '65bf78ce6a020d53f6617b13e67196b0ad26449f' ]
179 info retry fetch attempt 1 at 4:19:58 PM
180 info attempt registry request try #1 at 4:19:58 PM
181 http fetch GET https://registry.npmjs.org/i2c-bus/-/i2c-bus-1.2.5.tgz
182 silly resolveWithNewModule buffertools@2.1.6 checking installable status
183 silly cache add args [ 'buffertools@2.1.*', null ]
184 verbose cache add spec buffertools@2.1.*
185 silly cache add parsed spec Result {
185 silly cache add   raw: 'buffertools@2.1.*',
185 silly cache add   scope: null,
185 silly cache add   escapedName: 'buffertools',
185 silly cache add   name: 'buffertools',
185 silly cache add   rawSpec: '2.1.*',
185 silly cache add   spec: '>=2.1.0 <2.2.0',
185 silly cache add   type: 'range' }
186 silly addNamed buffertools@>=2.1.0 <2.2.0
187 verbose addNamed ">=2.1.0 <2.2.0" is a valid semver range for buffertools
188 silly addNameRange { name: 'buffertools', range: '>=2.1.0 <2.2.0', hasData: false }
189 silly mapToRegistry name buffertools
190 silly mapToRegistry using default registry
191 silly mapToRegistry registry https://registry.npmjs.org/
192 silly mapToRegistry data Result {
192 silly mapToRegistry   raw: 'buffertools',
192 silly mapToRegistry   scope: null,
192 silly mapToRegistry   escapedName: 'buffertools',
192 silly mapToRegistry   name: 'buffertools',
192 silly mapToRegistry   rawSpec: '',
192 silly mapToRegistry   spec: 'latest',
192 silly mapToRegistry   type: 'tag' }
193 silly mapToRegistry uri https://registry.npmjs.org/buffertools
194 verbose addNameRange registry:https://registry.npmjs.org/buffertools not in flight; fetching
195 verbose get https://registry.npmjs.org/buffertools not expired, no request
196 silly addNameRange number 2 { name: 'buffertools', range: '>=2.1.0 <2.2.0', hasData: true }
197 silly addNameRange versions [ 'buffertools',
197 silly addNameRange   [ '1.0.0',
197 silly addNameRange     '1.0.1',
197 silly addNameRange     '1.0.2',
197 silly addNameRange     '1.0.3',
197 silly addNameRange     '1.0.4',
197 silly addNameRange     '1.0.5',
197 silly addNameRange     '1.0.6',
197 silly addNameRange     '1.0.7',
197 silly addNameRange     '1.0.8',
197 silly addNameRange     '1.0.9',
197 silly addNameRange     '1.1.0',
197 silly addNameRange     '1.1.1',
197 silly addNameRange     '2.0.0',
197 silly addNameRange     '2.0.1',
197 silly addNameRange     '2.1.0',
197 silly addNameRange     '2.1.1',
197 silly addNameRange     '2.1.2',
197 silly addNameRange     '2.1.3',
197 silly addNameRange     '2.1.4',
197 silly addNameRange     '2.1.5',
197 silly addNameRange     '2.1.6' ] ]
198 silly addNamed buffertools@2.1.6
199 verbose addNamed "2.1.6" is a plain semver version for buffertools
200 silly mapToRegistry name buffertools
201 silly mapToRegistry using default registry
202 silly mapToRegistry registry https://registry.npmjs.org/
203 silly mapToRegistry data Result {
203 silly mapToRegistry   raw: 'buffertools',
203 silly mapToRegistry   scope: null,
203 silly mapToRegistry   escapedName: 'buffertools',
203 silly mapToRegistry   name: 'buffertools',
203 silly mapToRegistry   rawSpec: '',
203 silly mapToRegistry   spec: 'latest',
203 silly mapToRegistry   type: 'tag' }
204 silly mapToRegistry uri https://registry.npmjs.org/buffertools
205 verbose addRemoteTarball https://registry.npmjs.org/buffertools/-/buffertools-2.1.6.tgz not in flight; adding
206 verbose addRemoteTarball [ 'https://registry.npmjs.org/buffertools/-/buffertools-2.1.6.tgz',
206 verbose addRemoteTarball   '30c19b085636b88df692aeefeea0ff156780e916' ]
207 info retry fetch attempt 1 at 4:19:58 PM
208 info attempt registry request try #1 at 4:19:58 PM
209 http fetch GET https://registry.npmjs.org/buffertools/-/buffertools-2.1.6.tgz
210 http fetch 200 https://registry.npmjs.org/i2c-bus/-/i2c-bus-1.2.5.tgz
211 http fetch 200 https://registry.npmjs.org/buffertools/-/buffertools-2.1.6.tgz
212 silly fetchAndShaCheck shasum 30c19b085636b88df692aeefeea0ff156780e916
213 verbose addTmpTarball /tmp/npm-29882-7d3b8289/registry.npmjs.org/buffertools/-/buffertools-2.1.6.tgz not in flight; adding
214 verbose addTmpTarball already have metadata; skipping unpack for buffertools@2.1.6
215 verbose correctMkdir /home/chris/.npm correctMkdir not in flight; initializing
216 silly cache afterAdd buffertools@2.1.6
217 verbose afterAdd /home/chris/.npm/buffertools/2.1.6/package/package.json not in flight; writing
218 verbose correctMkdir /home/chris/.npm correctMkdir not in flight; initializing
219 verbose afterAdd /home/chris/.npm/buffertools/2.1.6/package/package.json written
220 silly fetchAndShaCheck shasum 65bf78ce6a020d53f6617b13e67196b0ad26449f
221 verbose addTmpTarball /tmp/npm-29882-7d3b8289/registry.npmjs.org/i2c-bus/-/i2c-bus-1.2.5.tgz not in flight; adding
222 verbose addTmpTarball already have metadata; skipping unpack for i2c-bus@1.2.5
223 verbose correctMkdir /home/chris/.npm correctMkdir not in flight; initializing
224 silly cache afterAdd i2c-bus@1.2.5
225 verbose afterAdd /home/chris/.npm/i2c-bus/1.2.5/package/package.json not in flight; writing
226 verbose correctMkdir /home/chris/.npm correctMkdir not in flight; initializing
227 verbose afterAdd /home/chris/.npm/i2c-bus/1.2.5/package/package.json written
228 silly fetchNamedPackageData bindings
229 silly mapToRegistry name bindings
230 silly mapToRegistry using default registry
231 silly mapToRegistry registry https://registry.npmjs.org/
232 silly mapToRegistry data Result {
232 silly mapToRegistry   raw: 'bindings',
232 silly mapToRegistry   scope: null,
232 silly mapToRegistry   escapedName: 'bindings',
232 silly mapToRegistry   name: 'bindings',
232 silly mapToRegistry   rawSpec: '',
232 silly mapToRegistry   spec: 'latest',
232 silly mapToRegistry   type: 'tag' }
233 silly mapToRegistry uri https://registry.npmjs.org/bindings
234 silly fetchNamedPackageData nan
235 silly mapToRegistry name nan
236 silly mapToRegistry using default registry
237 silly mapToRegistry registry https://registry.npmjs.org/
238 silly mapToRegistry data Result {
238 silly mapToRegistry   raw: 'nan',
238 silly mapToRegistry   scope: null,
238 silly mapToRegistry   escapedName: 'nan',
238 silly mapToRegistry   name: 'nan',
238 silly mapToRegistry   rawSpec: '',
238 silly mapToRegistry   spec: 'latest',
238 silly mapToRegistry   type: 'tag' }
239 silly mapToRegistry uri https://registry.npmjs.org/nan
240 verbose request uri https://registry.npmjs.org/nan
241 verbose request no auth needed
242 info attempt registry request try #1 at 4:19:58 PM
243 http request GET https://registry.npmjs.org/nan
244 verbose request uri https://registry.npmjs.org/bindings
245 verbose request no auth needed
246 info attempt registry request try #1 at 4:19:58 PM
247 http request GET https://registry.npmjs.org/bindings
248 http 200 https://registry.npmjs.org/nan
249 verbose headers { date: 'Wed, 29 Dec 2021 15:19:58 GMT',
249 verbose headers   'content-type': 'application/json',
249 verbose headers   'transfer-encoding': 'chunked',
249 verbose headers   connection: 'keep-alive',
249 verbose headers   'cf-ray': '6c54028079a71661-WAW',
249 verbose headers   age: '153',
249 verbose headers   'cache-control': 'public, max-age=300',
249 verbose headers   etag: 'W/"9c017dd5a8f9aea67687943f6d813906"',
249 verbose headers   'last-modified': 'Wed, 04 Aug 2021 16:13:06 GMT',
249 verbose headers   vary: 'accept-encoding, accept',
249 verbose headers   'cf-cache-status': 'HIT',
249 verbose headers   'expect-ct': 'max-age=604800, report-uri="https://report-uri.cloudflare.com/cdn-cgi/beacon/expect-ct"',
249 verbose headers   'x-amz-replication-status': 'COMPLETED',
249 verbose headers   server: 'cloudflare',
249 verbose headers   'content-encoding': 'gzip' }
250 silly get cb [ 200,
250 silly get   { date: 'Wed, 29 Dec 2021 15:19:58 GMT',
250 silly get     'content-type': 'application/json',
250 silly get     'transfer-encoding': 'chunked',
250 silly get     connection: 'keep-alive',
250 silly get     'cf-ray': '6c54028079a71661-WAW',
250 silly get     age: '153',
250 silly get     'cache-control': 'public, max-age=300',
250 silly get     etag: 'W/"9c017dd5a8f9aea67687943f6d813906"',
250 silly get     'last-modified': 'Wed, 04 Aug 2021 16:13:06 GMT',
250 silly get     vary: 'accept-encoding, accept',
250 silly get     'cf-cache-status': 'HIT',
250 silly get     'expect-ct': 'max-age=604800, report-uri="https://report-uri.cloudflare.com/cdn-cgi/beacon/expect-ct"',
250 silly get     'x-amz-replication-status': 'COMPLETED',
250 silly get     server: 'cloudflare',
250 silly get     'content-encoding': 'gzip' } ]
251 verbose get saving nan to /home/chris/.npm/registry.npmjs.org/nan/.cache.json
252 verbose correctMkdir /home/chris/.npm correctMkdir not in flight; initializing
253 silly resolveWithNewModule nan@2.8.0 checking installable status
254 silly cache add args [ 'nan@~2.8.0', null ]
255 verbose cache add spec nan@~2.8.0
256 silly cache add parsed spec Result {
256 silly cache add   raw: 'nan@~2.8.0',
256 silly cache add   scope: null,
256 silly cache add   escapedName: 'nan',
256 silly cache add   name: 'nan',
256 silly cache add   rawSpec: '~2.8.0',
256 silly cache add   spec: '>=2.8.0 <2.9.0',
256 silly cache add   type: 'range' }
257 silly addNamed nan@>=2.8.0 <2.9.0
258 verbose addNamed ">=2.8.0 <2.9.0" is a valid semver range for nan
259 silly addNameRange { name: 'nan', range: '>=2.8.0 <2.9.0', hasData: false }
260 silly mapToRegistry name nan
261 silly mapToRegistry using default registry
262 silly mapToRegistry registry https://registry.npmjs.org/
263 silly mapToRegistry data Result {
263 silly mapToRegistry   raw: 'nan',
263 silly mapToRegistry   scope: null,
263 silly mapToRegistry   escapedName: 'nan',
263 silly mapToRegistry   name: 'nan',
263 silly mapToRegistry   rawSpec: '',
263 silly mapToRegistry   spec: 'latest',
263 silly mapToRegistry   type: 'tag' }
264 silly mapToRegistry uri https://registry.npmjs.org/nan
265 verbose addNameRange registry:https://registry.npmjs.org/nan not in flight; fetching
266 verbose get https://registry.npmjs.org/nan not expired, no request
267 silly addNameRange number 2 { name: 'nan', range: '>=2.8.0 <2.9.0', hasData: true }
268 silly addNameRange versions [ 'nan',
268 silly addNameRange   [ '0.3.0-wip',
268 silly addNameRange     '0.3.0-wip2',
268 silly addNameRange     '0.3.0',
268 silly addNameRange     '0.3.1',
268 silly addNameRange     '0.3.2',
268 silly addNameRange     '0.4.0',
268 silly addNameRange     '0.4.1',
268 silly addNameRange     '0.4.2',
268 silly addNameRange     '0.4.3',
268 silly addNameRange     '0.4.4',
268 silly addNameRange     '0.5.0',
268 silly addNameRange     '0.5.1',
268 silly addNameRange     '0.5.2',
268 silly addNameRange     '0.6.0',
268 silly addNameRange     '0.7.0',
268 silly addNameRange     '0.7.1',
268 silly addNameRange     '0.8.0',
268 silly addNameRange     '1.0.0',
268 silly addNameRange     '1.1.0',
268 silly addNameRange     '1.1.1',
268 silly addNameRange     '1.1.2',
268 silly addNameRange     '1.2.0',
268 silly addNameRange     '1.3.0',
268 silly addNameRange     '1.4.0',
268 silly addNameRange     '1.4.1',
268 silly addNameRange     '1.5.0',
268 silly addNameRange     '1.4.2',
268 silly addNameRange     '1.4.3',
268 silly addNameRange     '1.5.1',
268 silly addNameRange     '1.5.2',
268 silly addNameRange     '1.6.0',
268 silly addNameRange     '1.5.3',
268 silly addNameRange     '1.6.1',
268 silly addNameRange     '1.6.2',
268 silly addNameRange     '1.7.0',
268 silly addNameRange     '1.8.0',
268 silly addNameRange     '1.8.1',
268 silly addNameRange     '1.8.2',
268 silly addNameRange     '1.8.3',
268 silly addNameRange     '1.8.4',
268 silly addNameRange     '1.9.0',
268 silly addNameRange     '2.0.0',
268 silly addNameRange     '2.0.1',
268 silly addNameRange     '2.0.2',
268 silly addNameRange     '2.0.3',
268 silly addNameRange     '2.0.4',
268 silly addNameRange     '2.0.5',
268 silly addNameRange     '2.0.6',
268 silly addNameRange     '2.0.7',
268 silly addNameRange     '2.0.8',
268 silly addNameRange     '2.0.9',
268 silly addNameRange     '2.1.0',
268 silly addNameRange     '2.2.0',
268 silly addNameRange     '2.2.1',
268 silly addNameRange     '2.3.0',
268 silly addNameRange     '2.3.1',
268 silly addNameRange     '2.3.2',
268 silly addNameRange     '2.3.3',
268 silly addNameRange     '2.3.4',
268 silly addNameRange     '2.3.5',
268 silly addNameRange     '2.4.0',
268 silly addNameRange     '2.5.0',
268 silly addNameRange     '2.5.1',
268 silly addNameRange     '2.6.0',
268 silly addNameRange     '2.6.1',
268 silly addNameRange     '2.6.2',
268 silly addNameRange     '2.7.0',
268 silly addNameRange     '2.8.0',
268 silly addNameRange     '2.9.1',
268 silly addNameRange     '2.9.2',
268 silly addNameRange     '2.10.0',
268 silly addNameRange     '2.11.0',
268 silly addNameRange     '2.11.1',
268 silly addNameRange     '2.12.0',
268 silly addNameRange     '2.12.1',
268 silly addNameRange     '2.13.0',
268 silly addNameRange     '2.13.1',
268 silly addNameRange     '2.13.2',
268 silly addNameRange     '2.14.0',
268 silly addNameRange     '2.14.1',
268 silly addNameRange     '2.14.2',
268 silly addNameRange     '2.15.0' ] ]
269 silly addNamed nan@2.8.0
270 verbose addNamed "2.8.0" is a plain semver version for nan
271 silly mapToRegistry name nan
272 silly mapToRegistry using default registry
273 silly mapToRegistry registry https://registry.npmjs.org/
274 silly mapToRegistry data Result {
274 silly mapToRegistry   raw: 'nan',
274 silly mapToRegistry   scope: null,
274 silly mapToRegistry   escapedName: 'nan',
274 silly mapToRegistry   name: 'nan',
274 silly mapToRegistry   rawSpec: '',
274 silly mapToRegistry   spec: 'latest',
274 silly mapToRegistry   type: 'tag' }
275 silly mapToRegistry uri https://registry.npmjs.org/nan
276 verbose addRemoteTarball https://registry.npmjs.org/nan/-/nan-2.8.0.tgz not in flight; adding
277 verbose addRemoteTarball [ 'https://registry.npmjs.org/nan/-/nan-2.8.0.tgz',
277 verbose addRemoteTarball   'ed715f3fe9de02b57a5e6252d90a96675e1f085a' ]
278 info retry fetch attempt 1 at 4:19:58 PM
279 info attempt registry request try #1 at 4:19:58 PM
280 http fetch GET https://registry.npmjs.org/nan/-/nan-2.8.0.tgz
281 http fetch 200 https://registry.npmjs.org/nan/-/nan-2.8.0.tgz
282 silly fetchAndShaCheck shasum ed715f3fe9de02b57a5e6252d90a96675e1f085a
283 verbose addTmpTarball /tmp/npm-29882-7d3b8289/registry.npmjs.org/nan/-/nan-2.8.0.tgz not in flight; adding
284 verbose addTmpTarball already have metadata; skipping unpack for nan@2.8.0
285 verbose correctMkdir /home/chris/.npm correctMkdir not in flight; initializing
286 silly cache afterAdd nan@2.8.0
287 verbose afterAdd /home/chris/.npm/nan/2.8.0/package/package.json not in flight; writing
288 verbose correctMkdir /home/chris/.npm correctMkdir not in flight; initializing
289 verbose afterAdd /home/chris/.npm/nan/2.8.0/package/package.json written
290 http 200 https://registry.npmjs.org/bindings
291 verbose headers { date: 'Wed, 29 Dec 2021 15:19:59 GMT',
291 verbose headers   'content-type': 'application/json',
291 verbose headers   'transfer-encoding': 'chunked',
291 verbose headers   connection: 'keep-alive',
291 verbose headers   'cf-ray': '6c54028079a81661-WAW',
291 verbose headers   'cache-control': 'public, max-age=300',
291 verbose headers   etag: 'W/"8dfe34716157e36596b3ba5e5fcfb617"',
291 verbose headers   'last-modified': 'Wed, 27 Feb 2019 22:54:48 GMT',
291 verbose headers   vary: 'accept-encoding, accept',
291 verbose headers   'cf-cache-status': 'REVALIDATED',
291 verbose headers   'expect-ct': 'max-age=604800, report-uri="https://report-uri.cloudflare.com/cdn-cgi/beacon/expect-ct"',
291 verbose headers   server: 'cloudflare',
291 verbose headers   'content-encoding': 'gzip' }
292 silly get cb [ 200,
292 silly get   { date: 'Wed, 29 Dec 2021 15:19:59 GMT',
292 silly get     'content-type': 'application/json',
292 silly get     'transfer-encoding': 'chunked',
292 silly get     connection: 'keep-alive',
292 silly get     'cf-ray': '6c54028079a81661-WAW',
292 silly get     'cache-control': 'public, max-age=300',
292 silly get     etag: 'W/"8dfe34716157e36596b3ba5e5fcfb617"',
292 silly get     'last-modified': 'Wed, 27 Feb 2019 22:54:48 GMT',
292 silly get     vary: 'accept-encoding, accept',
292 silly get     'cf-cache-status': 'REVALIDATED',
292 silly get     'expect-ct': 'max-age=604800, report-uri="https://report-uri.cloudflare.com/cdn-cgi/beacon/expect-ct"',
292 silly get     server: 'cloudflare',
292 silly get     'content-encoding': 'gzip' } ]
293 verbose get saving bindings to /home/chris/.npm/registry.npmjs.org/bindings/.cache.json
294 verbose correctMkdir /home/chris/.npm correctMkdir not in flight; initializing
295 silly resolveWithNewModule bindings@1.3.1 checking installable status
296 silly cache add args [ 'bindings@~1.3.0', null ]
297 verbose cache add spec bindings@~1.3.0
298 silly cache add parsed spec Result {
298 silly cache add   raw: 'bindings@~1.3.0',
298 silly cache add   scope: null,
298 silly cache add   escapedName: 'bindings',
298 silly cache add   name: 'bindings',
298 silly cache add   rawSpec: '~1.3.0',
298 silly cache add   spec: '>=1.3.0 <1.4.0',
298 silly cache add   type: 'range' }
299 silly addNamed bindings@>=1.3.0 <1.4.0
300 verbose addNamed ">=1.3.0 <1.4.0" is a valid semver range for bindings
301 silly addNameRange { name: 'bindings', range: '>=1.3.0 <1.4.0', hasData: false }
302 silly mapToRegistry name bindings
303 silly mapToRegistry using default registry
304 silly mapToRegistry registry https://registry.npmjs.org/
305 silly mapToRegistry data Result {
305 silly mapToRegistry   raw: 'bindings',
305 silly mapToRegistry   scope: null,
305 silly mapToRegistry   escapedName: 'bindings',
305 silly mapToRegistry   name: 'bindings',
305 silly mapToRegistry   rawSpec: '',
305 silly mapToRegistry   spec: 'latest',
305 silly mapToRegistry   type: 'tag' }
306 silly mapToRegistry uri https://registry.npmjs.org/bindings
307 verbose addNameRange registry:https://registry.npmjs.org/bindings not in flight; fetching
308 verbose get https://registry.npmjs.org/bindings not expired, no request
309 silly addNameRange number 2 { name: 'bindings', range: '>=1.3.0 <1.4.0', hasData: true }
310 silly addNameRange versions [ 'bindings',
310 silly addNameRange   [ '0.0.1',
310 silly addNameRange     '0.1.0',
310 silly addNameRange     '0.1.1',
310 silly addNameRange     '0.2.0',
310 silly addNameRange     '0.2.1',
310 silly addNameRange     '0.2.2',
310 silly addNameRange     '0.2.3',
310 silly addNameRange     '0.2.4',
310 silly addNameRange     '0.3.0',
310 silly addNameRange     '0.4.0',
310 silly addNameRange     '1.0.0',
310 silly addNameRange     '1.1.0',
310 silly addNameRange     '1.1.1',
310 silly addNameRange     '1.2.0',
310 silly addNameRange     '1.2.1',
310 silly addNameRange     '1.3.0',
310 silly addNameRange     '1.3.1',
310 silly addNameRange     '1.4.0',
310 silly addNameRange     '1.5.0' ] ]
311 silly addNamed bindings@1.3.1
312 verbose addNamed "1.3.1" is a plain semver version for bindings
313 silly mapToRegistry name bindings
314 silly mapToRegistry using default registry
315 silly mapToRegistry registry https://registry.npmjs.org/
316 silly mapToRegistry data Result {
316 silly mapToRegistry   raw: 'bindings',
316 silly mapToRegistry   scope: null,
316 silly mapToRegistry   escapedName: 'bindings',
316 silly mapToRegistry   name: 'bindings',
316 silly mapToRegistry   rawSpec: '',
316 silly mapToRegistry   spec: 'latest',
316 silly mapToRegistry   type: 'tag' }
317 silly mapToRegistry uri https://registry.npmjs.org/bindings
318 verbose addRemoteTarball https://registry.npmjs.org/bindings/-/bindings-1.3.1.tgz not in flight; adding
319 verbose addRemoteTarball [ 'https://registry.npmjs.org/bindings/-/bindings-1.3.1.tgz',
319 verbose addRemoteTarball   '21fc7c6d67c18516ec5aaa2815b145ff77b26ea5' ]
320 info retry fetch attempt 1 at 4:19:59 PM
321 info attempt registry request try #1 at 4:19:59 PM
322 http fetch GET https://registry.npmjs.org/bindings/-/bindings-1.3.1.tgz
323 http fetch 200 https://registry.npmjs.org/bindings/-/bindings-1.3.1.tgz
324 silly fetchAndShaCheck shasum 21fc7c6d67c18516ec5aaa2815b145ff77b26ea5
325 verbose addTmpTarball /tmp/npm-29882-7d3b8289/registry.npmjs.org/bindings/-/bindings-1.3.1.tgz not in flight; adding
326 verbose addTmpTarball already have metadata; skipping unpack for bindings@1.3.1
327 verbose correctMkdir /home/chris/.npm correctMkdir not in flight; initializing
328 silly cache afterAdd bindings@1.3.1
329 verbose afterAdd /home/chris/.npm/bindings/1.3.1/package/package.json not in flight; writing
330 verbose correctMkdir /home/chris/.npm correctMkdir not in flight; initializing
331 verbose afterAdd /home/chris/.npm/bindings/1.3.1/package/package.json written
332 silly loadAllDepsIntoIdealTree Finishing
333 silly loadIdealTree Finishing
334 silly currentTree plate-recognition-raspberry-pi@1.0.0
334 silly currentTree ├── ansi@0.3.1
334 silly currentTree ├── are-we-there-yet@1.1.7
334 silly currentTree ├── async@1.5.2
334 silly currentTree ├── bindings@1.5.0
334 silly currentTree ├── complex.js@2.0.1
334 silly currentTree ├── core-util-is@1.0.3
334 silly currentTree ├── decimal.js@7.1.1
334 silly currentTree ├── delegates@1.0.0
334 silly currentTree ├── file-uri-to-path@1.0.0
334 silly currentTree ├── fraction.js@4.0.0
334 silly currentTree ├── gauge@1.2.7
334 silly currentTree ├── has-unicode@2.0.1
334 silly currentTree ├── i2c-bus@5.2.2
334 silly currentTree ├── inherits@2.0.4
334 silly currentTree ├── isarray@1.0.0
334 silly currentTree ├── lodash.pad@4.5.1
334 silly currentTree ├── lodash.padend@4.6.1
334 silly currentTree ├── lodash.padstart@4.6.1
334 silly currentTree ├── mathjs@3.10.3
334 silly currentTree ├── nan@2.15.0
334 silly currentTree ├── npmlog@2.0.4
334 silly currentTree ├── process-nextick-args@2.0.1
334 silly currentTree ├── readable-stream@2.3.7
334 silly currentTree ├── safe-buffer@5.1.2
334 silly currentTree ├── seed-random@2.2.0
334 silly currentTree ├── sleep@6.3.0
334 silly currentTree ├── string_decoder@1.1.1
334 silly currentTree ├── tiny-emitter@1.0.2
334 silly currentTree ├── typed-function@0.10.5
334 silly currentTree └── util-deprecate@1.0.2
335 silly idealTree plate-recognition-raspberry-pi@1.0.0
335 silly idealTree ├── ansi@0.3.1
335 silly idealTree ├── are-we-there-yet@1.1.7
335 silly idealTree ├── async@1.5.2
335 silly idealTree ├── bindings@1.5.0
335 silly idealTree ├── buffertools@2.1.6
335 silly idealTree ├── complex.js@2.0.1
335 silly idealTree ├── core-util-is@1.0.3
335 silly idealTree ├── decimal.js@7.1.1
335 silly idealTree ├── delegates@1.0.0
335 silly idealTree ├── file-uri-to-path@1.0.0
335 silly idealTree ├── fraction.js@4.0.0
335 silly idealTree ├── gauge@1.2.7
335 silly idealTree ├── has-unicode@2.0.1
335 silly idealTree ├── i2c-bus@5.2.2
335 silly idealTree ├── inherits@2.0.4
335 silly idealTree ├── isarray@1.0.0
335 silly idealTree ├── lodash.pad@4.5.1
335 silly idealTree ├── lodash.padend@4.6.1
335 silly idealTree ├── lodash.padstart@4.6.1
335 silly idealTree ├── mathjs@3.10.3
335 silly idealTree ├── nan@2.15.0
335 silly idealTree ├─┬ node-grovepi@2.2.2
335 silly idealTree │ ├── bindings@1.3.1
335 silly idealTree │ ├── i2c-bus@1.2.5
335 silly idealTree │ ├── nan@2.8.0
335 silly idealTree │ └── sleep@3.0.1
335 silly idealTree ├── npmlog@2.0.4
335 silly idealTree ├── process-nextick-args@2.0.1
335 silly idealTree ├── readable-stream@2.3.7
335 silly idealTree ├── safe-buffer@5.1.2
335 silly idealTree ├── seed-random@2.2.0
335 silly idealTree ├── sleep@6.3.0
335 silly idealTree ├── string_decoder@1.1.1
335 silly idealTree ├── tiny-emitter@1.0.2
335 silly idealTree ├── typed-function@0.10.5
335 silly idealTree └── util-deprecate@1.0.2
336 silly generateActionsToTake Starting
337 silly install generateActionsToTake
338 silly generateActionsToTake Finishing
339 silly diffTrees action count 6
340 silly diffTrees add bindings@1.3.1
341 silly diffTrees add nan@2.8.0
342 silly diffTrees add buffertools@2.1.6
343 silly diffTrees add i2c-bus@1.2.5
344 silly diffTrees add sleep@3.0.1
345 silly diffTrees add node-grovepi@2.2.2
346 silly decomposeActions action count 48
347 silly decomposeActions fetch bindings@1.3.1
348 silly decomposeActions extract bindings@1.3.1
349 silly decomposeActions test bindings@1.3.1
350 silly decomposeActions preinstall bindings@1.3.1
351 silly decomposeActions build bindings@1.3.1
352 silly decomposeActions install bindings@1.3.1
353 silly decomposeActions postinstall bindings@1.3.1
354 silly decomposeActions finalize bindings@1.3.1
355 silly decomposeActions fetch nan@2.8.0
356 silly decomposeActions extract nan@2.8.0
357 silly decomposeActions test nan@2.8.0
358 silly decomposeActions preinstall nan@2.8.0
359 silly decomposeActions build nan@2.8.0
360 silly decomposeActions install nan@2.8.0
361 silly decomposeActions postinstall nan@2.8.0
362 silly decomposeActions finalize nan@2.8.0
363 silly decomposeActions fetch buffertools@2.1.6
364 silly decomposeActions extract buffertools@2.1.6
365 silly decomposeActions test buffertools@2.1.6
366 silly decomposeActions preinstall buffertools@2.1.6
367 silly decomposeActions build buffertools@2.1.6
368 silly decomposeActions install buffertools@2.1.6
369 silly decomposeActions postinstall buffertools@2.1.6
370 silly decomposeActions finalize buffertools@2.1.6
371 silly decomposeActions fetch i2c-bus@1.2.5
372 silly decomposeActions extract i2c-bus@1.2.5
373 silly decomposeActions test i2c-bus@1.2.5
374 silly decomposeActions preinstall i2c-bus@1.2.5
375 silly decomposeActions build i2c-bus@1.2.5
376 silly decomposeActions install i2c-bus@1.2.5
377 silly decomposeActions postinstall i2c-bus@1.2.5
378 silly decomposeActions finalize i2c-bus@1.2.5
379 silly decomposeActions fetch sleep@3.0.1
380 silly decomposeActions extract sleep@3.0.1
381 silly decomposeActions test sleep@3.0.1
382 silly decomposeActions preinstall sleep@3.0.1
383 silly decomposeActions build sleep@3.0.1
384 silly decomposeActions install sleep@3.0.1
385 silly decomposeActions postinstall sleep@3.0.1
386 silly decomposeActions finalize sleep@3.0.1
387 silly decomposeActions fetch node-grovepi@2.2.2
388 silly decomposeActions extract node-grovepi@2.2.2
389 silly decomposeActions test node-grovepi@2.2.2
390 silly decomposeActions preinstall node-grovepi@2.2.2
391 silly decomposeActions build node-grovepi@2.2.2
392 silly decomposeActions install node-grovepi@2.2.2
393 silly decomposeActions postinstall node-grovepi@2.2.2
394 silly decomposeActions finalize node-grovepi@2.2.2
395 silly runTopLevelLifecycles Starting
396 silly executeActions Starting
397 silly install executeActions
398 silly doSerial global-install 0
399 silly doParallel fetch 6
400 verbose correctMkdir /home/chris/.npm/_locks correctMkdir not in flight; initializing
401 verbose lock using /home/chris/.npm/_locks/staging-3676dac8662f3dbc.lock for /home/chris/dev/plate-recognition-raspberry-pi/node_modules/.staging
402 silly doParallel extract 6
403 silly extract bindings@1.3.1
404 silly extract nan@2.8.0
405 silly extract buffertools@2.1.6
406 silly extract i2c-bus@1.2.5
407 silly extract sleep@3.0.1
408 silly extract node-grovepi@2.2.2
409 verbose unbuild node_modules/.staging/bindings-bd5c82e0
410 verbose unbuild node_modules/.staging/buffertools-44786f61
411 verbose unbuild node_modules/.staging/nan-01cf19b6
412 verbose unbuild node_modules/.staging/i2c-bus-53a88f0d
413 verbose unbuild node_modules/.staging/sleep-855683e8
414 verbose unbuild node_modules/.staging/node-grovepi-3cc25315
415 silly gentlyRm /home/chris/dev/plate-recognition-raspberry-pi/node_modules/.staging/bindings-bd5c82e0 is being purged from base /home/chris/dev/plate-recognition-raspberry-pi
416 verbose gentlyRm don't care about contents; nuking /home/chris/dev/plate-recognition-raspberry-pi/node_modules/.staging/bindings-bd5c82e0
417 silly gentlyRm /home/chris/dev/plate-recognition-raspberry-pi/node_modules/.staging/nan-01cf19b6 is being purged from base /home/chris/dev/plate-recognition-raspberry-pi
418 verbose gentlyRm don't care about contents; nuking /home/chris/dev/plate-recognition-raspberry-pi/node_modules/.staging/nan-01cf19b6
419 silly gentlyRm /home/chris/dev/plate-recognition-raspberry-pi/node_modules/.staging/buffertools-44786f61 is being purged from base /home/chris/dev/plate-recognition-raspberry-pi
420 verbose gentlyRm don't care about contents; nuking /home/chris/dev/plate-recognition-raspberry-pi/node_modules/.staging/buffertools-44786f61
421 silly gentlyRm /home/chris/dev/plate-recognition-raspberry-pi/node_modules/.staging/i2c-bus-53a88f0d is being purged from base /home/chris/dev/plate-recognition-raspberry-pi
422 verbose gentlyRm don't care about contents; nuking /home/chris/dev/plate-recognition-raspberry-pi/node_modules/.staging/i2c-bus-53a88f0d
423 verbose tar unpack /home/chris/.npm/bindings/1.3.1/package.tgz
424 verbose tar unpacking to /home/chris/dev/plate-recognition-raspberry-pi/node_modules/.staging/bindings-bd5c82e0
425 silly gentlyRm /home/chris/dev/plate-recognition-raspberry-pi/node_modules/.staging/bindings-bd5c82e0 is being purged
426 verbose gentlyRm don't care about contents; nuking /home/chris/dev/plate-recognition-raspberry-pi/node_modules/.staging/bindings-bd5c82e0
427 verbose tar unpack /home/chris/.npm/nan/2.8.0/package.tgz
428 verbose tar unpacking to /home/chris/dev/plate-recognition-raspberry-pi/node_modules/.staging/nan-01cf19b6
429 silly gentlyRm /home/chris/dev/plate-recognition-raspberry-pi/node_modules/.staging/nan-01cf19b6 is being purged
430 verbose gentlyRm don't care about contents; nuking /home/chris/dev/plate-recognition-raspberry-pi/node_modules/.staging/nan-01cf19b6
431 silly gentlyRm /home/chris/dev/plate-recognition-raspberry-pi/node_modules/.staging/sleep-855683e8 is being purged from base /home/chris/dev/plate-recognition-raspberry-pi
432 verbose gentlyRm don't care about contents; nuking /home/chris/dev/plate-recognition-raspberry-pi/node_modules/.staging/sleep-855683e8
433 silly gentlyRm /home/chris/dev/plate-recognition-raspberry-pi/node_modules/.staging/node-grovepi-3cc25315 is being purged from base /home/chris/dev/plate-recognition-raspberry-pi
434 verbose gentlyRm don't care about contents; nuking /home/chris/dev/plate-recognition-raspberry-pi/node_modules/.staging/node-grovepi-3cc25315
435 verbose tar unpack /home/chris/.npm/buffertools/2.1.6/package.tgz
436 verbose tar unpacking to /home/chris/dev/plate-recognition-raspberry-pi/node_modules/.staging/buffertools-44786f61
437 silly gentlyRm /home/chris/dev/plate-recognition-raspberry-pi/node_modules/.staging/buffertools-44786f61 is being purged
438 verbose gentlyRm don't care about contents; nuking /home/chris/dev/plate-recognition-raspberry-pi/node_modules/.staging/buffertools-44786f61
439 verbose tar unpack /home/chris/.npm/i2c-bus/1.2.5/package.tgz
440 verbose tar unpacking to /home/chris/dev/plate-recognition-raspberry-pi/node_modules/.staging/i2c-bus-53a88f0d
441 silly gentlyRm /home/chris/dev/plate-recognition-raspberry-pi/node_modules/.staging/i2c-bus-53a88f0d is being purged
442 verbose gentlyRm don't care about contents; nuking /home/chris/dev/plate-recognition-raspberry-pi/node_modules/.staging/i2c-bus-53a88f0d
443 silly gunzTarPerm modes [ '775', '664' ]
444 silly gunzTarPerm modes [ '775', '664' ]
445 verbose tar unpack /home/chris/.npm/sleep/3.0.1/package.tgz
446 verbose tar unpacking to /home/chris/dev/plate-recognition-raspberry-pi/node_modules/.staging/sleep-855683e8
447 silly gentlyRm /home/chris/dev/plate-recognition-raspberry-pi/node_modules/.staging/sleep-855683e8 is being purged
448 verbose gentlyRm don't care about contents; nuking /home/chris/dev/plate-recognition-raspberry-pi/node_modules/.staging/sleep-855683e8
449 verbose tar unpack /home/chris/.npm/node-grovepi/2.2.2/package.tgz
450 verbose tar unpacking to /home/chris/dev/plate-recognition-raspberry-pi/node_modules/.staging/node-grovepi-3cc25315
451 silly gentlyRm /home/chris/dev/plate-recognition-raspberry-pi/node_modules/.staging/node-grovepi-3cc25315 is being purged
452 verbose gentlyRm don't care about contents; nuking /home/chris/dev/plate-recognition-raspberry-pi/node_modules/.staging/node-grovepi-3cc25315
453 silly gunzTarPerm modes [ '775', '664' ]
454 silly gunzTarPerm modes [ '775', '664' ]
455 silly gunzTarPerm modes [ '775', '664' ]
456 silly gunzTarPerm modes [ '775', '664' ]
457 silly gunzTarPerm extractEntry package.json
458 silly gunzTarPerm modified mode [ 'package.json', 420, 436 ]
459 silly gunzTarPerm extractEntry package.json
460 silly gunzTarPerm extractEntry package.json
461 silly gunzTarPerm modified mode [ 'package.json', 420, 436 ]
462 silly gunzTarPerm extractEntry package.json
463 silly gunzTarPerm extractEntry package.json
464 silly gunzTarPerm extractEntry package.json
465 silly gunzTarPerm modified mode [ 'package.json', 511, 509 ]
466 silly gunzTarPerm extractEntry bindings.js
467 silly gunzTarPerm modified mode [ 'bindings.js', 420, 436 ]
468 silly gunzTarPerm extractEntry README.md
469 silly gunzTarPerm modified mode [ 'README.md', 420, 436 ]
470 silly gunzTarPerm extractEntry README.md
471 silly gunzTarPerm extractEntry .npmignore
472 silly gunzTarPerm modified mode [ '.npmignore', 420, 436 ]
473 silly gunzTarPerm extractEntry README.md
474 silly gunzTarPerm modified mode [ 'README.md', 420, 436 ]
475 silly gunzTarPerm extractEntry binding.gyp
476 silly gunzTarPerm extractEntry History.md
477 silly gunzTarPerm extractEntry .npmignore
478 silly gunzTarPerm extractEntry README.md
479 silly gunzTarPerm extractEntry include_dirs.js
480 silly gunzTarPerm extractEntry commands.js
481 silly gunzTarPerm modified mode [ 'commands.js', 511, 509 ]
482 silly gunzTarPerm extractEntry grovepi.js
483 silly gunzTarPerm modified mode [ 'grovepi.js', 511, 509 ]
484 silly gunzTarPerm extractEntry nan_converters_43_inl.h
485 silly gunzTarPerm extractEntry LICENSE.md
486 silly gunzTarPerm extractEntry doc/new.md
487 silly gunzTarPerm extractEntry LICENSE
488 silly gunzTarPerm modified mode [ 'LICENSE', 420, 436 ]
489 silly gunzTarPerm extractEntry buffertools.js
490 silly gunzTarPerm modified mode [ 'buffertools.js', 420, 436 ]
491 silly gunzTarPerm extractEntry i2c-bus.js
492 silly gunzTarPerm extractEntry index.js
493 silly gunzTarPerm extractEntry test.js
494 silly gunzTarPerm extractEntry index.js
495 silly gunzTarPerm modified mode [ 'index.js', 511, 509 ]
496 silly gunzTarPerm extractEntry sensors/accelerationI2cSensor.js
497 silly gunzTarPerm modified mode [ 'sensors/accelerationI2cSensor.js', 511, 509 ]
498 silly gunzTarPerm extractEntry LICENSE
499 silly gunzTarPerm extractEntry doc/asyncworker.md
500 silly gunzTarPerm extractEntry test.js
501 silly gunzTarPerm modified mode [ 'test.js', 420, 436 ]
502 silly gunzTarPerm extractEntry binding.gyp
503 silly gunzTarPerm modified mode [ 'binding.gyp', 420, 436 ]
504 silly gunzTarPerm extractEntry buffertools.cc
505 silly gunzTarPerm modified mode [ 'buffertools.cc', 420, 436 ]
506 silly gunzTarPerm extractEntry BoyerMoore.h
507 silly gunzTarPerm modified mode [ 'BoyerMoore.h', 420, 436 ]
508 silly gunzTarPerm extractEntry AUTHORS
509 silly gunzTarPerm modified mode [ 'AUTHORS', 420, 436 ]
510 silly gunzTarPerm extractEntry .mailmap
511 silly gunzTarPerm modified mode [ '.mailmap', 420, 436 ]
512 silly gunzTarPerm extractEntry LICENSE.txt
513 silly gunzTarPerm extractEntry binding.gyp
514 silly gunzTarPerm extractEntry README.md
515 silly gunzTarPerm extractEntry win-i2c-bus.js
516 silly gunzTarPerm extractEntry sensors/airQualityAnalogSensor.js
517 silly gunzTarPerm modified mode [ 'sensors/airQualityAnalogSensor.js', 511, 509 ]
518 silly gunzTarPerm extractEntry sensors/base/analogSensor.js
519 silly gunzTarPerm modified mode [ 'sensors/base/analogSensor.js', 511, 509 ]
520 silly gunzTarPerm extractEntry sensors/base/digitalSensor.js
521 silly gunzTarPerm modified mode [ 'sensors/base/digitalSensor.js', 511, 509 ]
522 silly gunzTarPerm extractEntry sensors/base/i2cSensor.js
523 silly gunzTarPerm modified mode [ 'sensors/base/i2cSensor.js', 511, 509 ]
524 silly gunzTarPerm extractEntry sensors/base/sensor.js
525 silly gunzTarPerm modified mode [ 'sensors/base/sensor.js', 511, 509 ]
526 silly gunzTarPerm extractEntry sensors/chainableRGBLedDigitalSensor.js
527 silly gunzTarPerm modified mode [ 'sensors/chainableRGBLedDigitalSensor.js', 511, 509 ]
528 silly gunzTarPerm extractEntry sensors/DHTDigitalSensor.js
529 silly gunzTarPerm modified mode [ 'sensors/DHTDigitalSensor.js', 511, 509 ]
530 silly gunzTarPerm extractEntry sensors/digitalButton.js
531 silly gunzTarPerm modified mode [ 'sensors/digitalButton.js', 511, 509 ]
532 silly gunzTarPerm extractEntry sensors/dustDigitalSensor.js
533 silly gunzTarPerm modified mode [ 'sensors/dustDigitalSensor.js', 511, 509 ]
534 silly gunzTarPerm extractEntry sensors/encoderDigitalSensor.js
535 silly gunzTarPerm modified mode [ 'sensors/encoderDigitalSensor.js', 511, 509 ]
536 silly gunzTarPerm extractEntry sensors/fourDigitDigitalSensor.js
537 silly gunzTarPerm modified mode [ 'sensors/fourDigitDigitalSensor.js', 511, 509 ]
538 silly gunzTarPerm extractEntry sensors/genericDigitalInputSensor.js
539 silly gunzTarPerm modified mode [ 'sensors/genericDigitalInputSensor.js', 511, 509 ]
540 silly gunzTarPerm extractEntry sensors/genericDigitalOutputSensor.js
541 silly gunzTarPerm modified mode [ 'sensors/genericDigitalOutputSensor.js', 511, 509 ]
542 silly gunzTarPerm extractEntry sensors/helpers.js
543 silly gunzTarPerm modified mode [ 'sensors/helpers.js', 511, 509 ]
544 silly gunzTarPerm extractEntry sensors/IRReceiverSensor.js
545 silly gunzTarPerm modified mode [ 'sensors/IRReceiverSensor.js', 511, 509 ]
546 silly gunzTarPerm extractEntry sensors/ledBarDigitalSensor.js
547 silly gunzTarPerm modified mode [ 'sensors/ledBarDigitalSensor.js', 511, 509 ]
548 silly gunzTarPerm extractEntry sensors/lightAnalogSensor.js
549 silly gunzTarPerm modified mode [ 'sensors/lightAnalogSensor.js', 511, 509 ]
550 silly gunzTarPerm extractEntry sensors/loudnessAnalogSensor.js
551 silly gunzTarPerm modified mode [ 'sensors/loudnessAnalogSensor.js', 511, 509 ]
552 silly gunzTarPerm extractEntry sensors/rotaryAngleAnalogSensor.js
553 silly gunzTarPerm modified mode [ 'sensors/rotaryAngleAnalogSensor.js', 511, 509 ]
554 silly gunzTarPerm extractEntry sensors/rtcI2cSensor.js
555 silly gunzTarPerm modified mode [ 'sensors/rtcI2cSensor.js', 511, 509 ]
556 silly gunzTarPerm extractEntry sensors/SPDTRelay.js
557 silly gunzTarPerm modified mode [ 'sensors/SPDTRelay.js', 511, 509 ]
558 silly gunzTarPerm extractEntry sensors/temperatureAnalogSensor.js
559 silly gunzTarPerm modified mode [ 'sensors/temperatureAnalogSensor.js', 511, 509 ]
560 silly gunzTarPerm extractEntry sensors/ultrasonicDigitalSensor.js
561 silly gunzTarPerm modified mode [ 'sensors/ultrasonicDigitalSensor.js', 511, 509 ]
562 silly gunzTarPerm extractEntry sensors/waterFlowDigitalSensor.js
563 silly gunzTarPerm modified mode [ 'sensors/waterFlowDigitalSensor.js', 511, 509 ]
564 silly gunzTarPerm extractEntry doc/callback.md
565 silly gunzTarPerm extractEntry doc/converters.md
566 silly gunzTarPerm extractEntry sleep.cc
567 silly gunzTarPerm extractEntry doc/edison-adruino-base-board-i2c.md
568 silly gunzTarPerm extractEntry doc/raspberry-pi-i2c.md
569 silly gunzTarPerm extractEntry doc/errors.md
570 silly gunzTarPerm extractEntry doc/json.md
571 silly gunzTarPerm extractEntry example/ds1621-async.js
572 silly gunzTarPerm extractEntry example/ds1621-bb.png
573 silly gunzTarPerm extractEntry doc/maybe_types.md
574 silly gunzTarPerm extractEntry doc/methods.md
575 silly gentlyRm /home/chris/dev/plate-recognition-raspberry-pi/node_modules/.staging/bindings-bd5c82e0/node_modules is being purged
576 verbose gentlyRm don't care about contents; nuking /home/chris/dev/plate-recognition-raspberry-pi/node_modules/.staging/bindings-bd5c82e0/node_modules
577 silly gunzTarPerm extractEntry doc/buffers.md
578 silly gunzTarPerm extractEntry doc/node_misc.md
579 silly gunzTarPerm extractEntry doc/object_wrappers.md
580 silly gunzTarPerm extractEntry doc/persistent.md
581 silly gunzTarPerm extractEntry example/ds1621-pi.png
582 silly gunzTarPerm extractEntry doc/scopes.md
583 silly gunzTarPerm extractEntry doc/script.md
584 silly gunzTarPerm extractEntry doc/string_bytes.md
585 silly gentlyRm /home/chris/dev/plate-recognition-raspberry-pi/node_modules/.staging/sleep-855683e8/node_modules is being purged
586 verbose gentlyRm don't care about contents; nuking /home/chris/dev/plate-recognition-raspberry-pi/node_modules/.staging/sleep-855683e8/node_modules
587 silly gunzTarPerm extractEntry doc/v8_internals.md
588 silly gunzTarPerm extractEntry doc/v8_misc.md
589 silly gunzTarPerm extractEntry nan.h
590 silly gunzTarPerm extractEntry nan_callbacks.h
591 silly gunzTarPerm extractEntry example/ds1621-sync.js
592 silly gunzTarPerm extractEntry example/i2cdetect.js
593 silly gunzTarPerm extractEntry example/i2cquickscan.js
594 silly gunzTarPerm extractEntry example/i2cscan.js
595 silly gunzTarPerm extractEntry example/MCP9808-async.js
596 silly gunzTarPerm extractEntry example/MCP9808-sync.js
597 silly gunzTarPerm extractEntry example/SI1145-sync.js
598 silly gunzTarPerm extractEntry nan_callbacks_12_inl.h
599 silly gunzTarPerm extractEntry nan_callbacks_pre_12_inl.h
600 silly gunzTarPerm extractEntry nan_converters.h
601 silly gunzTarPerm extractEntry example/two-devices-win.js
602 silly gunzTarPerm extractEntry nan_converters_pre_43_inl.h
603 silly gunzTarPerm extractEntry example/two-devices.js
604 silly gunzTarPerm extractEntry src/i2c-dev.h
605 silly gunzTarPerm extractEntry src/i2c.cc
606 silly gunzTarPerm extractEntry nan_implementation_12_inl.h
607 silly gunzTarPerm extractEntry nan_implementation_pre_12_inl.h
608 silly gunzTarPerm extractEntry nan_json.h
609 silly gentlyRm /home/chris/dev/plate-recognition-raspberry-pi/node_modules/.staging/buffertools-44786f61/node_modules is being purged
610 verbose gentlyRm don't care about contents; nuking /home/chris/dev/plate-recognition-raspberry-pi/node_modules/.staging/buffertools-44786f61/node_modules
611 silly gunzTarPerm extractEntry src/i2cfuncs.cc
612 silly gunzTarPerm extractEntry nan_maybe_43_inl.h
613 silly gunzTarPerm extractEntry src/i2cfuncs.h
614 silly gunzTarPerm extractEntry src/readblock.cc
615 silly gunzTarPerm extractEntry src/readblock.h
616 silly gunzTarPerm extractEntry src/readbyte.cc
617 silly gunzTarPerm extractEntry nan_maybe_pre_43_inl.h
618 silly gunzTarPerm extractEntry nan_new.h
619 silly gunzTarPerm extractEntry nan_object_wrap.h
620 silly gunzTarPerm extractEntry nan_persistent_12_inl.h
621 silly gunzTarPerm extractEntry src/readbyte.h
622 silly gunzTarPerm extractEntry src/readi2cblock.cc
623 silly gunzTarPerm extractEntry src/readi2cblock.h
624 silly gunzTarPerm extractEntry src/readword.cc
625 silly gunzTarPerm extractEntry src/readword.h
626 silly gunzTarPerm extractEntry src/receivebyte.cc
627 silly gunzTarPerm extractEntry src/receivebyte.h
628 silly gunzTarPerm extractEntry nan_persistent_pre_12_inl.h
629 silly gunzTarPerm extractEntry nan_private.h
630 silly gunzTarPerm extractEntry src/sendbyte.cc
631 silly gunzTarPerm extractEntry src/sendbyte.h
632 silly gunzTarPerm extractEntry src/setaddr.cc
633 silly gunzTarPerm extractEntry src/setaddr.h
634 silly gunzTarPerm extractEntry nan_string_bytes.h
635 silly gunzTarPerm extractEntry nan_typedarray_contents.h
636 silly gunzTarPerm extractEntry src/util.h
637 silly gunzTarPerm extractEntry src/win/i2c.cc
638 silly gunzTarPerm extractEntry src/win/i2c.h
639 silly gunzTarPerm extractEntry src/win/readPartial.cc
640 silly gunzTarPerm extractEntry nan_weak.h
641 silly gunzTarPerm extractEntry CHANGELOG.md
642 silly gunzTarPerm extractEntry src/win/writePartial.cc
643 silly gunzTarPerm extractEntry src/win/writeReadPartial.cc
644 silly gunzTarPerm extractEntry src/writeblock.cc
645 silly gunzTarPerm extractEntry src/writeblock.h
646 silly gunzTarPerm extractEntry src/writebyte.cc
647 silly gunzTarPerm extractEntry tools/package.json
648 silly gunzTarPerm extractEntry tools/README.md
649 silly gunzTarPerm extractEntry tools/1to2.js
650 silly gunzTarPerm extractEntry src/writebyte.h
651 silly gunzTarPerm extractEntry src/writei2cblock.cc
652 silly gunzTarPerm extractEntry src/writei2cblock.h
653 silly gunzTarPerm extractEntry src/writequick.cc
654 silly gunzTarPerm extractEntry src/writequick.h
655 silly gunzTarPerm extractEntry src/writeword.cc
656 silly gunzTarPerm extractEntry src/writeword.h
657 silly gunzTarPerm extractEntry test/async-brute-force-leak-check.js
658 silly gunzTarPerm extractEntry test/async-performance.js
659 silly gunzTarPerm extractEntry test/async.js
660 silly gunzTarPerm extractEntry test/i2c-functionality-available.js
661 silly gunzTarPerm extractEntry test/run-tests
662 silly gunzTarPerm extractEntry test/scan-leak-check.js
663 silly gunzTarPerm extractEntry test/scan.js
664 silly gunzTarPerm extractEntry test/sync-brute-force-leak-check.js
665 silly gunzTarPerm extractEntry test/sync-many-instances.js
666 silly gunzTarPerm extractEntry test/sync-performance.js
667 silly gunzTarPerm extractEntry test/sync-plain-i2c-performance.js
668 silly gunzTarPerm extractEntry test/sync.js
669 silly gentlyRm /home/chris/dev/plate-recognition-raspberry-pi/node_modules/.staging/node-grovepi-3cc25315/node_modules is being purged
670 verbose gentlyRm don't care about contents; nuking /home/chris/dev/plate-recognition-raspberry-pi/node_modules/.staging/node-grovepi-3cc25315/node_modules
671 silly gentlyRm /home/chris/dev/plate-recognition-raspberry-pi/node_modules/.staging/nan-01cf19b6/node_modules is being purged
672 verbose gentlyRm don't care about contents; nuking /home/chris/dev/plate-recognition-raspberry-pi/node_modules/.staging/nan-01cf19b6/node_modules
673 silly gentlyRm /home/chris/dev/plate-recognition-raspberry-pi/node_modules/.staging/i2c-bus-53a88f0d/node_modules is being purged
674 verbose gentlyRm don't care about contents; nuking /home/chris/dev/plate-recognition-raspberry-pi/node_modules/.staging/i2c-bus-53a88f0d/node_modules
675 silly doParallel preinstall 6
676 silly preinstall bindings@1.3.1 /home/chris/dev/plate-recognition-raspberry-pi/node_modules/.staging/bindings-bd5c82e0
677 info lifecycle bindings@1.3.1~preinstall: bindings@1.3.1
678 silly preinstall nan@2.8.0 /home/chris/dev/plate-recognition-raspberry-pi/node_modules/.staging/nan-01cf19b6
679 info lifecycle nan@2.8.0~preinstall: nan@2.8.0
680 silly preinstall buffertools@2.1.6 /home/chris/dev/plate-recognition-raspberry-pi/node_modules/.staging/buffertools-44786f61
681 info lifecycle buffertools@2.1.6~preinstall: buffertools@2.1.6
682 silly preinstall i2c-bus@1.2.5 /home/chris/dev/plate-recognition-raspberry-pi/node_modules/.staging/i2c-bus-53a88f0d
683 info lifecycle i2c-bus@1.2.5~preinstall: i2c-bus@1.2.5
684 silly preinstall sleep@3.0.1 /home/chris/dev/plate-recognition-raspberry-pi/node_modules/.staging/sleep-855683e8
685 info lifecycle sleep@3.0.1~preinstall: sleep@3.0.1
686 silly preinstall node-grovepi@2.2.2 /home/chris/dev/plate-recognition-raspberry-pi/node_modules/.staging/node-grovepi-3cc25315
687 info lifecycle node-grovepi@2.2.2~preinstall: node-grovepi@2.2.2
688 silly lifecycle bindings@1.3.1~preinstall: no script for preinstall, continuing
689 silly lifecycle nan@2.8.0~preinstall: no script for preinstall, continuing
690 silly lifecycle buffertools@2.1.6~preinstall: no script for preinstall, continuing
691 silly lifecycle i2c-bus@1.2.5~preinstall: no script for preinstall, continuing
692 silly lifecycle sleep@3.0.1~preinstall: no script for preinstall, continuing
693 silly lifecycle node-grovepi@2.2.2~preinstall: no script for preinstall, continuing
694 silly doReverseSerial remove 0
695 silly doSerial move 0
696 silly doSerial finalize 6
697 silly finalize /home/chris/dev/plate-recognition-raspberry-pi/node_modules/node-grovepi/node_modules/bindings
698 silly finalize /home/chris/dev/plate-recognition-raspberry-pi/node_modules/node-grovepi/node_modules/nan
699 silly finalize /home/chris/dev/plate-recognition-raspberry-pi/node_modules/buffertools
700 silly finalize /home/chris/dev/plate-recognition-raspberry-pi/node_modules/node-grovepi/node_modules/i2c-bus
701 silly finalize /home/chris/dev/plate-recognition-raspberry-pi/node_modules/node-grovepi/node_modules/sleep
702 silly finalize /home/chris/dev/plate-recognition-raspberry-pi/node_modules/node-grovepi
703 silly doSerial build 6
704 silly build bindings@1.3.1
705 info linkStuff bindings@1.3.1
706 silly linkStuff bindings@1.3.1 has /home/chris/dev/plate-recognition-raspberry-pi/node_modules/node-grovepi/node_modules as its parent node_modules
707 verbose linkBins bindings@1.3.1
708 verbose linkMans bindings@1.3.1
709 silly build nan@2.8.0
710 info linkStuff nan@2.8.0
711 silly linkStuff nan@2.8.0 has /home/chris/dev/plate-recognition-raspberry-pi/node_modules/node-grovepi/node_modules as its parent node_modules
712 verbose linkBins nan@2.8.0
713 verbose linkMans nan@2.8.0
714 silly build buffertools@2.1.6
715 info linkStuff buffertools@2.1.6
716 silly linkStuff buffertools@2.1.6 has /home/chris/dev/plate-recognition-raspberry-pi/node_modules as its parent node_modules
717 verbose linkBins buffertools@2.1.6
718 verbose linkMans buffertools@2.1.6
719 silly build i2c-bus@1.2.5
720 info linkStuff i2c-bus@1.2.5
721 silly linkStuff i2c-bus@1.2.5 has /home/chris/dev/plate-recognition-raspberry-pi/node_modules/node-grovepi/node_modules as its parent node_modules
722 verbose linkBins i2c-bus@1.2.5
723 verbose linkMans i2c-bus@1.2.5
724 silly build sleep@3.0.1
725 info linkStuff sleep@3.0.1
726 silly linkStuff sleep@3.0.1 has /home/chris/dev/plate-recognition-raspberry-pi/node_modules/node-grovepi/node_modules as its parent node_modules
727 verbose linkBins sleep@3.0.1
728 verbose linkMans sleep@3.0.1
729 silly build node-grovepi@2.2.2
730 info linkStuff node-grovepi@2.2.2
731 silly linkStuff node-grovepi@2.2.2 has /home/chris/dev/plate-recognition-raspberry-pi/node_modules as its parent node_modules
732 verbose linkBins node-grovepi@2.2.2
733 verbose linkMans node-grovepi@2.2.2
734 silly doSerial global-link 0
735 silly doParallel update-linked 0
736 silly doSerial install 6
737 silly install bindings@1.3.1 /home/chris/dev/plate-recognition-raspberry-pi/node_modules/.staging/bindings-bd5c82e0
738 info lifecycle bindings@1.3.1~install: bindings@1.3.1
739 silly lifecycle bindings@1.3.1~install: no script for install, continuing
740 silly install nan@2.8.0 /home/chris/dev/plate-recognition-raspberry-pi/node_modules/.staging/nan-01cf19b6
741 info lifecycle nan@2.8.0~install: nan@2.8.0
742 silly lifecycle nan@2.8.0~install: no script for install, continuing
743 silly install buffertools@2.1.6 /home/chris/dev/plate-recognition-raspberry-pi/node_modules/.staging/buffertools-44786f61
744 info lifecycle buffertools@2.1.6~install: buffertools@2.1.6
745 verbose lifecycle buffertools@2.1.6~install: unsafe-perm in lifecycle true
746 verbose lifecycle buffertools@2.1.6~install: PATH: /home/chris/.nvm/versions/node/v7.0.0/lib/node_modules/npm/bin/node-gyp-bin:/home/chris/dev/plate-recognition-raspberry-pi/node_modules/buffertools/node_modules/.bin:/home/chris/dev/plate-recognition-raspberry-pi/node_modules/.bin:/home/chris/.nvm/versions/node/v7.0.0/bin:/home/chris/dev/flutter/bin:/usr/local/sbin:/usr/local/bin:/usr/sbin:/usr/bin:/sbin:/bin:/usr/games:/usr/local/games:/snap/bin:/home/chris/Android/Sdk/emulator:/home/chris/Android/Sdk/tools:/home/chris/Android/Sdk/tools/bin:/home/chris/Android/Sdk/platform-tools:/home/chris/Android/Sdk/emulator:/home/chris/Android/Sdk/tools:/home/chris/Android/Sdk/tools/bin:/home/chris/Android/Sdk/platform-tools
747 verbose lifecycle buffertools@2.1.6~install: CWD: /home/chris/dev/plate-recognition-raspberry-pi/node_modules/buffertools
748 silly lifecycle buffertools@2.1.6~install: Args: [ '-c', 'node-gyp rebuild' ]
749 silly lifecycle buffertools@2.1.6~install: Returned: code: 1  signal: null
750 info lifecycle buffertools@2.1.6~install: Failed to exec install script
751 verbose unlock done using /home/chris/.npm/_locks/staging-3676dac8662f3dbc.lock for /home/chris/dev/plate-recognition-raspberry-pi/node_modules/.staging
752 silly rollbackFailedOptional Starting
753 silly rollbackFailedOptional Finishing
754 silly runTopLevelLifecycles Finishing
755 silly install printInstalled
756 warn plate-recognition-raspberry-pi@1.0.0 No description
757 verbose If you need help, you may report this error at:
757 verbose     <https://github.com/npm/npm/issues>
758 verbose stack Error: buffertools@2.1.6 install: `node-gyp rebuild`
758 verbose stack Exit status 1
758 verbose stack     at EventEmitter.<anonymous> (/home/chris/.nvm/versions/node/v7.0.0/lib/node_modules/npm/lib/utils/lifecycle.js:255:16)
758 verbose stack     at emitTwo (events.js:106:13)
758 verbose stack     at EventEmitter.emit (events.js:191:7)
758 verbose stack     at ChildProcess.<anonymous> (/home/chris/.nvm/versions/node/v7.0.0/lib/node_modules/npm/lib/utils/spawn.js:40:14)
758 verbose stack     at emitTwo (events.js:106:13)
758 verbose stack     at ChildProcess.emit (events.js:191:7)
758 verbose stack     at maybeClose (internal/child_process.js:877:16)
758 verbose stack     at Process.ChildProcess._handle.onexit (internal/child_process.js:226:5)
759 verbose pkgid buffertools@2.1.6
760 verbose cwd /home/chris/dev/plate-recognition-raspberry-pi
761 error Linux 5.11.0-43-generic
762 error argv "/home/chris/.nvm/versions/node/v7.0.0/bin/node" "/home/chris/.nvm/versions/node/v7.0.0/bin/npm" "install" "node-grovepi"
763 error node v7.0.0
764 error npm  v3.10.8
765 error code ELIFECYCLE
766 error buffertools@2.1.6 install: `node-gyp rebuild`
766 error Exit status 1
767 error Failed at the buffertools@2.1.6 install script 'node-gyp rebuild'.
767 error Make sure you have the latest version of node.js and npm installed.
767 error If you do, this is most likely a problem with the buffertools package,
767 error not with npm itself.
767 error Tell the author that this fails on your system:
767 error     node-gyp rebuild
767 error You can get information on how to open an issue for this project with:
767 error     npm bugs buffertools
767 error Or if that isn't available, you can get their info via:
767 error     npm owner ls buffertools
767 error There is likely additional logging output above.
768 verbose exit [ 1, true ]
